Added Component: Designator=C1(C_EL_6X11)
Add component (AddParameter): Name = "ASSEMBLY"; Value = "ASSEMBLY"; VariantName = "[No Variations]"
Add component (AddParameter): Name = "DESC"; Value = "DESCRIPTION"; VariantName = "[No Variations]"
Add component (AddParameter): Name = "DIST#"; Value = "MOUSER"; VariantName = "[No Variations]"
Add component (AddParameter): Name = "MANF"; Value = "MANF"; VariantName = "[No Variations]"
Add component (AddParameter): Name = "MANF_P#"; Value = "MANF_PART#"; VariantName = "[No Variations]"
Add component (AddParameter): Name = "PARAM"; Value = "25V"; VariantName = "[No Variations]"
Add component (AddParameter): Name = "PARAM2"; Value = "20%"; VariantName = "[No Variations]"
Add component (AddParameter): Name = "PRICE"; Value = "10= 5$"; VariantName = "[No Variations]"
Add component (AddParameter): Name = "VALUE"; Value = "100uF"; VariantName = "[No Variations]"
Added Component: Designator=C2(C_EL_6X11)
Add component (AddParameter): Name = "ASSEMBLY"; Value = "ASSEMBLY"; VariantName = "[No Variations]"
Add component (AddParameter): Name = "DESC"; Value = "DESCRIPTION"; VariantName = "[No Variations]"
Add component (AddParameter): Name = "DIST#"; Value = "MOUSER"; VariantName = "[No Variations]"
Add component (AddParameter): Name = "MANF"; Value = "MANF"; VariantName = "[No Variations]"
Add component (AddParameter): Name = "MANF_P#"; Value = "MANF_PART#"; VariantName = "[No Variations]"
Add component (AddParameter): Name = "PARAM"; Value = "25V"; VariantName = "[No Variations]"
Add component (AddParameter): Name = "PARAM2"; Value = "20%"; VariantName = "[No Variations]"
Add component (AddParameter): Name = "PRICE"; Value = "10= 5$"; VariantName = "[No Variations]"
Add component (AddParameter): Name = "VALUE"; Value = "100uF"; VariantName = "[No Variations]"
Added Component: Designator=C3(C_EL_6X11)
Add component (AddParameter): Name = "ASSEMBLY"; Value = "ASSEMBLY"; VariantName = "[No Variations]"
Add component (AddParameter): Name = "DESC"; Value = "DESCRIPTION"; VariantName = "[No Variations]"
Add component (AddParameter): Name = "DIST#"; Value = "MOUSER"; VariantName = "[No Variations]"
Add component (AddParameter): Name = "MANF"; Value = "MANF"; VariantName = "[No Variations]"
Add component (AddParameter): Name = "MANF_P#"; Value = "MANF_PART#"; VariantName = "[No Variations]"
Add component (AddParameter): Name = "PARAM"; Value = "25V"; VariantName = "[No Variations]"
Add component (AddParameter): Name = "PARAM2"; Value = "20%"; VariantName = "[No Variations]"
Add component (AddParameter): Name = "PRICE"; Value = "10= 5$"; VariantName = "[No Variations]"
Add component (AddParameter): Name = "VALUE"; Value = "100uF"; VariantName = "[No Variations]"
Added Component: Designator=C4(C_EL_6X11)
Add component (AddParameter): Name = "ASSEMBLY"; Value = "ASSEMBLY"; VariantName = "[No Variations]"
Add component (AddParameter): Name = "DESC"; Value = "DESCRIPTION"; VariantName = "[No Variations]"
Add component (AddParameter): Name = "DIST#"; Value = "MOUSER"; VariantName = "[No Variations]"
Add component (AddParameter): Name = "MANF"; Value = "MANF"; VariantName = "[No Variations]"
Add component (AddParameter): Name = "MANF_P#"; Value = "MANF_PART#"; VariantName = "[No Variations]"
Add component (AddParameter): Name = "PARAM"; Value = "25V"; VariantName = "[No Variations]"
Add component (AddParameter): Name = "PARAM2"; Value = "20%"; VariantName = "[No Variations]"
Add component (AddParameter): Name = "PRICE"; Value = "10= 5$"; VariantName = "[No Variations]"
Add component (AddParameter): Name = "VALUE"; Value = "100uF"; VariantName = "[No Variations]"
Added Component: Designator=D1(LED5MM_RED)
Add component (AddParameter): Name = "ASSEMBLY"; Value = ""; VariantName = "[No Variations]"
Add component (AddParameter): Name = "DESC"; Value = ""; VariantName = "[No Variations]"
Add component (AddParameter): Name = "MANF"; Value = ""; VariantName = "[No Variations]"
Add component (AddParameter): Name = "MANF_P#"; Value = ""; VariantName = "[No Variations]"
Add component (AddParameter): Name = "PARAM"; Value = ""; VariantName = "[No Variations]"
Add component (AddParameter): Name = "PARAM2"; Value = ""; VariantName = "[No Variations]"
Add component (AddParameter): Name = "PRICE"; Value = ""; VariantName = "[No Variations]"
Add component (AddParameter): Name = "VALUE"; Value = ""; VariantName = "[No Variations]"
Added Component: Designator=J1(JAC_PWR2MM)
Add component (AddParameter): Name = "MANF"; Value = "CUI STACK"; VariantName = "[No Variations]"
Add component (AddParameter): Name = "MANF_P#"; Value = "PJ-202A, PJ-002AH, PJ-102AH, KLDX-0202"; VariantName = "[No Variations]"
Add component (AddParameter): Name = "VALUE"; Value = "DC_POWER_JACK"; VariantName = "[No Variations]"
Added Component: Designator=J2(TBB_2)
Add component (AddParameter): Name = "ASSEMBLY"; Value = ""; VariantName = "[No Variations]"
Add component (AddParameter): Name = "DESC"; Value = ""; VariantName = "[No Variations]"
Add component (AddParameter): Name = "DIST#"; Value = ""; VariantName = "[No Variations]"
Add component (AddParameter): Name = "MANF"; Value = ""; VariantName = "[No Variations]"
Add component (AddParameter): Name = "MANF_P#"; Value = ""; VariantName = "[No Variations]"
Add component (AddParameter): Name = "PARAM"; Value = ""; VariantName = "[No Variations]"
Add component (AddParameter): Name = "PARAM2"; Value = ""; VariantName = "[No Variations]"
Add component (AddParameter): Name = "PRICE"; Value = ""; VariantName = "[No Variations]"
Add component (AddParameter): Name = "VALUE"; Value = "CONN_TB2"; VariantName = "[No Variations]"
Added Component: Designator=J3(TBB_2)
Add component (AddParameter): Name = "ASSEMBLY"; Value = ""; VariantName = "[No Variations]"
Add component (AddParameter): Name = "DESC"; Value = ""; VariantName = "[No Variations]"
Add component (AddParameter): Name = "DIST#"; Value = ""; VariantName = "[No Variations]"
Add component (AddParameter): Name = "MANF"; Value = ""; VariantName = "[No Variations]"
Add component (AddParameter): Name = "MANF_P#"; Value = ""; VariantName = "[No Variations]"
Add component (AddParameter): Name = "PARAM"; Value = ""; VariantName = "[No Variations]"
Add component (AddParameter): Name = "PARAM2"; Value = ""; VariantName = "[No Variations]"
Add component (AddParameter): Name = "PRICE"; Value = ""; VariantName = "[No Variations]"
Add component (AddParameter): Name = "VALUE"; Value = "CONN_TB2"; VariantName = "[No Variations]"
Added Component: Designator=J4(HDR_M_1X4)
Add component (AddParameter): Name = "ASSEMBLY"; Value = ""; VariantName = "[No Variations]"
Add component (AddParameter): Name = "DESC"; Value = ""; VariantName = "[No Variations]"
Add component (AddParameter): Name = "MANF"; Value = ""; VariantName = "[No Variations]"
Add component (AddParameter): Name = "MANF_P#"; Value = ""; VariantName = "[No Variations]"
Add component (AddParameter): Name = "PARAM"; Value = ""; VariantName = "[No Variations]"
Add component (AddParameter): Name = "PRICE"; Value = ""; VariantName = "[No Variations]"
Add component (AddParameter): Name = "VALUE"; Value = "HDRM4"; VariantName = "[No Variations]"
Added Component: Designator=J5(HDR_M_2X3)
Add component (AddParameter): Name = "ASSEMBLY"; Value = ""; VariantName = "[No Variations]"
Add component (AddParameter): Name = "DESC"; Value = ""; VariantName = "[No Variations]"
Add component (AddParameter): Name = "MANF"; Value = "MANF"; VariantName = "[No Variations]"
Add component (AddParameter): Name = "MANF_P#"; Value = "MANF_PART#"; VariantName = "[No Variations]"
Add component (AddParameter): Name = "PARAM"; Value = ""; VariantName = "[No Variations]"
Add component (AddParameter): Name = "PRICE"; Value = ""; VariantName = "[No Variations]"
Add component (AddParameter): Name = "VALUE"; Value = "HDRM_2X3"; VariantName = "[No Variations]"
Added Component: Designator=J6(HDR_M_1X4)
Add component (AddParameter): Name = "ASSEMBLY"; Value = ""; VariantName = "[No Variations]"
Add component (AddParameter): Name = "DESC"; Value = ""; VariantName = "[No Variations]"
Add component (AddParameter): Name = "MANF"; Value = ""; VariantName = "[No Variations]"
Add component (AddParameter): Name = "MANF_P#"; Value = ""; VariantName = "[No Variations]"
Add component (AddParameter): Name = "PARAM"; Value = ""; VariantName = "[No Variations]"
Add component (AddParameter): Name = "PRICE"; Value = ""; VariantName = "[No Variations]"
Add component (AddParameter): Name = "VALUE"; Value = "HDRM4"; VariantName = "[No Variations]"
Added Component: Designator=J7(HDR_M_2X3)
Add component (AddParameter): Name = "ASSEMBLY"; Value = ""; VariantName = "[No Variations]"
Add component (AddParameter): Name = "DESC"; Value = ""; VariantName = "[No Variations]"
Add component (AddParameter): Name = "MANF"; Value = "MANF"; VariantName = "[No Variations]"
Add component (AddParameter): Name = "MANF_P#"; Value = "MANF_PART#"; VariantName = "[No Variations]"
Add component (AddParameter): Name = "PARAM"; Value = ""; VariantName = "[No Variations]"
Add component (AddParameter): Name = "PRICE"; Value = ""; VariantName = "[No Variations]"
Add component (AddParameter): Name = "VALUE"; Value = "HDRM_2X3"; VariantName = "[No Variations]"
Added Component: Designator=J8(HDR_M_1X4)
Add component (AddParameter): Name = "ASSEMBLY"; Value = ""; VariantName = "[No Variations]"
Add component (AddParameter): Name = "DESC"; Value = ""; VariantName = "[No Variations]"
Add component (AddParameter): Name = "MANF"; Value = ""; VariantName = "[No Variations]"
Add component (AddParameter): Name = "MANF_P#"; Value = ""; VariantName = "[No Variations]"
Add component (AddParameter): Name = "PARAM"; Value = ""; VariantName = "[No Variations]"
Add component (AddParameter): Name = "PRICE"; Value = ""; VariantName = "[No Variations]"
Add component (AddParameter): Name = "VALUE"; Value = "HDRM4"; VariantName = "[No Variations]"
Added Component: Designator=J9(HDR_M_2X3)
Add component (AddParameter): Name = "ASSEMBLY"; Value = ""; VariantName = "[No Variations]"
Add component (AddParameter): Name = "DESC"; Value = ""; VariantName = "[No Variations]"
Add component (AddParameter): Name = "MANF"; Value = "MANF"; VariantName = "[No Variations]"
Add component (AddParameter): Name = "MANF_P#"; Value = "MANF_PART#"; VariantName = "[No Variations]"
Add component (AddParameter): Name = "PARAM"; Value = ""; VariantName = "[No Variations]"
Add component (AddParameter): Name = "PRICE"; Value = ""; VariantName = "[No Variations]"
Add component (AddParameter): Name = "VALUE"; Value = "HDRM_2X3"; VariantName = "[No Variations]"
Added Component: Designator=J10(HDR_M_1X4)
Add component (AddParameter): Name = "ASSEMBLY"; Value = ""; VariantName = "[No Variations]"
Add component (AddParameter): Name = "DESC"; Value = ""; VariantName = "[No Variations]"
Add component (AddParameter): Name = "MANF"; Value = ""; VariantName = "[No Variations]"
Add component (AddParameter): Name = "MANF_P#"; Value = ""; VariantName = "[No Variations]"
Add component (AddParameter): Name = "PARAM"; Value = ""; VariantName = "[No Variations]"
Add component (AddParameter): Name = "PRICE"; Value = ""; VariantName = "[No Variations]"
Add component (AddParameter): Name = "VALUE"; Value = "HDRM4"; VariantName = "[No Variations]"
Added Component: Designator=J11(HDR_M_2X3)
Add component (AddParameter): Name = "ASSEMBLY"; Value = ""; VariantName = "[No Variations]"
Add component (AddParameter): Name = "DESC"; Value = ""; VariantName = "[No Variations]"
Add component (AddParameter): Name = "MANF"; Value = "MANF"; VariantName = "[No Variations]"
Add component (AddParameter): Name = "MANF_P#"; Value = "MANF_PART#"; VariantName = "[No Variations]"
Add component (AddParameter): Name = "PARAM"; Value = ""; VariantName = "[No Variations]"
Add component (AddParameter): Name = "PRICE"; Value = ""; VariantName = "[No Variations]"
Add component (AddParameter): Name = "VALUE"; Value = "HDRM_2X3"; VariantName = "[No Variations]"
Added Component: Designator=R1(R025W_AX04)
Add component (AddParameter): Name = "ASSEMBLY"; Value = "ASSEMBLY"; VariantName = "[No Variations]"
Add component (AddParameter): Name = "DESC"; Value = "DESCRIPTION"; VariantName = "[No Variations]"
Add component (AddParameter): Name = "DIST#"; Value = "MOUSER"; VariantName = "[No Variations]"
Add component (AddParameter): Name = "MANF"; Value = "KOA SPEER"; VariantName = "[No Variations]"
Add component (AddParameter): Name = "MANF_P#"; Value = "RK73H1ETTP4701F"; VariantName = "[No Variations]"
Add component (AddParameter): Name = "PARAM"; Value = "0.063W"; VariantName = "[No Variations]"
Add component (AddParameter): Name = "PARAM2"; Value = "1%"; VariantName = "[No Variations]"
Add component (AddParameter): Name = "PRICE"; Value = "100= 0.5$"; VariantName = "[No Variations]"
Add component (AddParameter): Name = "VALUE"; Value = "330"; VariantName = "[No Variations]"
Added Component: Designator=R2(R025W_AX04)
Add component (AddParameter): Name = "ASSEMBLY"; Value = "ASSEMBLY"; VariantName = "[No Variations]"
Add component (AddParameter): Name = "DESC"; Value = "DESCRIPTION"; VariantName = "[No Variations]"
Add component (AddParameter): Name = "DIST#"; Value = "MOUSER"; VariantName = "[No Variations]"
Add component (AddParameter): Name = "MANF"; Value = "KOA SPEER"; VariantName = "[No Variations]"
Add component (AddParameter): Name = "MANF_P#"; Value = "RK73H1ETTP4701F"; VariantName = "[No Variations]"
Add component (AddParameter): Name = "PARAM"; Value = "0.063W"; VariantName = "[No Variations]"
Add component (AddParameter): Name = "PARAM2"; Value = "1%"; VariantName = "[No Variations]"
Add component (AddParameter): Name = "PRICE"; Value = "100= 0.5$"; VariantName = "[No Variations]"
Add component (AddParameter): Name = "VALUE"; Value = "120"; VariantName = "[No Variations]"
Added Component: Designator=R3(R025W_AX04)
Add component (AddParameter): Name = "ASSEMBLY"; Value = "ASSEMBLY"; VariantName = "[No Variations]"
Add component (AddParameter): Name = "DESC"; Value = "DESCRIPTION"; VariantName = "[No Variations]"
Add component (AddParameter): Name = "DIST#"; Value = "MOUSER"; VariantName = "[No Variations]"
Add component (AddParameter): Name = "MANF"; Value = "KOA SPEER"; VariantName = "[No Variations]"
Add component (AddParameter): Name = "MANF_P#"; Value = "RK73H1ETTP4701F"; VariantName = "[No Variations]"
Add component (AddParameter): Name = "PARAM"; Value = "0.063W"; VariantName = "[No Variations]"
Add component (AddParameter): Name = "PARAM2"; Value = "1%"; VariantName = "[No Variations]"
Add component (AddParameter): Name = "PRICE"; Value = "100= 0.5$"; VariantName = "[No Variations]"
Add component (AddParameter): Name = "VALUE"; Value = "1k"; VariantName = "[No Variations]"
Added Component: Designator=S1(DIP Switch x1)
Added Component: Designator=SP1(BUZZER 7.62 mm DC)
Added Component: Designator=SW1(Switch DPDT)
Added Component: Designator=T1(TO-92)
Added Component: Designator=U1(LM2596_MODULE)
Added Component: Designator=U2(DRIVER MOTOR_A4988)
Added Component: Designator=U3(DRIVER MOTOR_A4988)
Added Component: Designator=U4(DRIVER MOTOR_A4988)
Added Component: Designator=U5(DRIVER MOTOR_A4988)
Added Component: Designator=U6(NODEMCU_ESP32)
Added Component: Designator=U7(NRF24L01_H)
Add component (AddParameter): Name = "ASSEMBLY"; Value = ""; VariantName = "[No Variations]"
Add component (AddParameter): Name = "DESC"; Value = ""; VariantName = "[No Variations]"
Add component (AddParameter): Name = "DIST#"; Value = ""; VariantName = "[No Variations]"
Add component (AddParameter): Name = "MANF"; Value = ""; VariantName = "[No Variations]"
Add component (AddParameter): Name = "MANF_P#"; Value = ""; VariantName = "[No Variations]"
Add component (AddParameter): Name = "PARAM"; Value = ""; VariantName = "[No Variations]"
Add component (AddParameter): Name = "PARAM2"; Value = ""; VariantName = "[No Variations]"
Add component (AddParameter): Name = "PRICE"; Value = ""; VariantName = "[No Variations]"
Add component (AddParameter): Name = "VALUE"; Value = ""; VariantName = "[No Variations]"
Added Pin To Net: NetName=+3.3V Pin=U6-1
Added Pin To Net: NetName=+3.3V Pin=U7-2
Added Net: Name=+3.3V
Added Pin To Net: NetName=+5V Pin=J3-2
Added Pin To Net: NetName=+5V Pin=J5-2
Added Pin To Net: NetName=+5V Pin=J5-4
Added Pin To Net: NetName=+5V Pin=J5-6
Added Pin To Net: NetName=+5V Pin=J7-2
Added Pin To Net: NetName=+5V Pin=J7-4
Added Pin To Net: NetName=+5V Pin=J7-6
Added Pin To Net: NetName=+5V Pin=J9-2
Added Pin To Net: NetName=+5V Pin=J9-4
Added Pin To Net: NetName=+5V Pin=J9-6
Added Pin To Net: NetName=+5V Pin=J11-2
Added Pin To Net: NetName=+5V Pin=J11-4
Added Pin To Net: NetName=+5V Pin=J11-6
Added Pin To Net: NetName=+5V Pin=S1-2
Added Pin To Net: NetName=+5V Pin=SP1-1
Added Pin To Net: NetName=+5V Pin=U2-10
Added Pin To Net: NetName=+5V Pin=U3-10
Added Pin To Net: NetName=+5V Pin=U4-10
Added Pin To Net: NetName=+5V Pin=U5-10
Added Pin To Net: NetName=+5V Pin=U6-19
Added Net: Name=+5V
Added Pin To Net: NetName=BAT Pin=R1-1
Added Pin To Net: NetName=BAT Pin=R2-2
Added Pin To Net: NetName=BAT Pin=U6-5
Added Net: Name=BAT
Added Pin To Net: NetName=BUZZER Pin=R3-1
Added Pin To Net: NetName=BUZZER Pin=U6-27
Added Net: Name=BUZZER
Added Pin To Net: NetName=CE Pin=U6-36
Added Pin To Net: NetName=CE Pin=U7-3
Added Net: Name=CE
Added Pin To Net: NetName=CSN Pin=U6-33
Added Pin To Net: NetName=CSN Pin=U7-4
Added Net: Name=CSN
Added Pin To Net: NetName=DIR1 Pin=U2-8
Added Pin To Net: NetName=DIR1 Pin=U6-8
Added Net: Name=DIR1
Added Pin To Net: NetName=DIR2 Pin=U3-8
Added Pin To Net: NetName=DIR2 Pin=U6-10
Added Net: Name=DIR2
Added Pin To Net: NetName=DIR3 Pin=U4-8
Added Pin To Net: NetName=DIR3 Pin=U6-12
Added Net: Name=DIR3
Added Pin To Net: NetName=DIR4 Pin=U5-8
Added Pin To Net: NetName=DIR4 Pin=U6-26
Added Net: Name=DIR4
Added Pin To Net: NetName=GND Pin=C1-2
Added Pin To Net: NetName=GND Pin=C2-2
Added Pin To Net: NetName=GND Pin=C3-2
Added Pin To Net: NetName=GND Pin=C4-2
Added Pin To Net: NetName=GND Pin=D1-2
Added Pin To Net: NetName=GND Pin=J1-2
Added Pin To Net: NetName=GND Pin=J2-1
Added Pin To Net: NetName=GND Pin=J3-1
Added Pin To Net: NetName=GND Pin=R2-1
Added Pin To Net: NetName=GND Pin=T1-3
Added Pin To Net: NetName=GND Pin=U1-2
Added Pin To Net: NetName=GND Pin=U1-3
Added Pin To Net: NetName=GND Pin=U2-9
Added Pin To Net: NetName=GND Pin=U2-15
Added Pin To Net: NetName=GND Pin=U3-9
Added Pin To Net: NetName=GND Pin=U3-15
Added Pin To Net: NetName=GND Pin=U4-9
Added Pin To Net: NetName=GND Pin=U4-15
Added Pin To Net: NetName=GND Pin=U5-9
Added Pin To Net: NetName=GND Pin=U5-15
Added Pin To Net: NetName=GND Pin=U6-38
Added Pin To Net: NetName=GND Pin=U7-1
Added Net: Name=GND
Added Pin To Net: NetName=LED Pin=D1-1
Added Pin To Net: NetName=LED Pin=U6-28
Added Net: Name=LED
Added Pin To Net: NetName=MISO Pin=U6-31
Added Pin To Net: NetName=MISO Pin=U7-7
Added Net: Name=MISO
Added Pin To Net: NetName=MOSI Pin=U6-37
Added Pin To Net: NetName=MOSI Pin=U7-6
Added Net: Name=MOSI
Added Pin To Net: NetName=NetJ4_1 Pin=J4-1
Added Pin To Net: NetName=NetJ4_1 Pin=U2-14
Added Net: Name=NetJ4_1
Added Pin To Net: NetName=NetJ4_2 Pin=J4-2
Added Pin To Net: NetName=NetJ4_2 Pin=U2-13
Added Net: Name=NetJ4_2
Added Pin To Net: NetName=NetJ4_3 Pin=J4-3
Added Pin To Net: NetName=NetJ4_3 Pin=U2-12
Added Net: Name=NetJ4_3
Added Pin To Net: NetName=NetJ4_4 Pin=J4-4
Added Pin To Net: NetName=NetJ4_4 Pin=U2-11
Added Net: Name=NetJ4_4
Added Pin To Net: NetName=NetJ5_1 Pin=J5-1
Added Pin To Net: NetName=NetJ5_1 Pin=U2-2
Added Net: Name=NetJ5_1
Added Pin To Net: NetName=NetJ5_3 Pin=J5-3
Added Pin To Net: NetName=NetJ5_3 Pin=U2-3
Added Net: Name=NetJ5_3
Added Pin To Net: NetName=NetJ5_5 Pin=J5-5
Added Pin To Net: NetName=NetJ5_5 Pin=U2-4
Added Net: Name=NetJ5_5
Added Pin To Net: NetName=NetJ6_1 Pin=J6-1
Added Pin To Net: NetName=NetJ6_1 Pin=U3-14
Added Net: Name=NetJ6_1
Added Pin To Net: NetName=NetJ6_2 Pin=J6-2
Added Pin To Net: NetName=NetJ6_2 Pin=U3-13
Added Net: Name=NetJ6_2
Added Pin To Net: NetName=NetJ6_3 Pin=J6-3
Added Pin To Net: NetName=NetJ6_3 Pin=U3-12
Added Net: Name=NetJ6_3
Added Pin To Net: NetName=NetJ6_4 Pin=J6-4
Added Pin To Net: NetName=NetJ6_4 Pin=U3-11
Added Net: Name=NetJ6_4
Added Pin To Net: NetName=NetJ7_1 Pin=J7-1
Added Pin To Net: NetName=NetJ7_1 Pin=U3-2
Added Net: Name=NetJ7_1
Added Pin To Net: NetName=NetJ7_3 Pin=J7-3
Added Pin To Net: NetName=NetJ7_3 Pin=U3-3
Added Net: Name=NetJ7_3
Added Pin To Net: NetName=NetJ7_5 Pin=J7-5
Added Pin To Net: NetName=NetJ7_5 Pin=U3-4
Added Net: Name=NetJ7_5
Added Pin To Net: NetName=NetJ8_1 Pin=J8-1
Added Pin To Net: NetName=NetJ8_1 Pin=U4-14
Added Net: Name=NetJ8_1
Added Pin To Net: NetName=NetJ8_2 Pin=J8-2
Added Pin To Net: NetName=NetJ8_2 Pin=U4-13
Added Net: Name=NetJ8_2
Added Pin To Net: NetName=NetJ8_3 Pin=J8-3
Added Pin To Net: NetName=NetJ8_3 Pin=U4-12
Added Net: Name=NetJ8_3
Added Pin To Net: NetName=NetJ8_4 Pin=J8-4
Added Pin To Net: NetName=NetJ8_4 Pin=U4-11
Added Net: Name=NetJ8_4
Added Pin To Net: NetName=NetJ9_1 Pin=J9-1
Added Pin To Net: NetName=NetJ9_1 Pin=U4-2
Added Net: Name=NetJ9_1
Added Pin To Net: NetName=NetJ9_3 Pin=J9-3
Added Pin To Net: NetName=NetJ9_3 Pin=U4-3
Added Net: Name=NetJ9_3
Added Pin To Net: NetName=NetJ9_5 Pin=J9-5
Added Pin To Net: NetName=NetJ9_5 Pin=U4-4
Added Net: Name=NetJ9_5
Added Pin To Net: NetName=NetJ10_1 Pin=J10-1
Added Pin To Net: NetName=NetJ10_1 Pin=U5-14
Added Net: Name=NetJ10_1
Added Pin To Net: NetName=NetJ10_2 Pin=J10-2
Added Pin To Net: NetName=NetJ10_2 Pin=U5-13
Added Net: Name=NetJ10_2
Added Pin To Net: NetName=NetJ10_3 Pin=J10-3
Added Pin To Net: NetName=NetJ10_3 Pin=U5-12
Added Net: Name=NetJ10_3
Added Pin To Net: NetName=NetJ10_4 Pin=J10-4
Added Pin To Net: NetName=NetJ10_4 Pin=U5-11
Added Net: Name=NetJ10_4
Added Pin To Net: NetName=NetJ11_1 Pin=J11-1
Added Pin To Net: NetName=NetJ11_1 Pin=U5-2
Added Net: Name=NetJ11_1
Added Pin To Net: NetName=NetJ11_3 Pin=J11-3
Added Pin To Net: NetName=NetJ11_3 Pin=U5-3
Added Net: Name=NetJ11_3
Added Pin To Net: NetName=NetJ11_5 Pin=J11-5
Added Pin To Net: NetName=NetJ11_5 Pin=U5-4
Added Net: Name=NetJ11_5
Added Pin To Net: NetName=NetR3_2 Pin=R3-2
Added Pin To Net: NetName=NetR3_2 Pin=T1-2
Added Net: Name=NetR3_2
Added Pin To Net: NetName=NetSP1_2 Pin=SP1-2
Added Pin To Net: NetName=NetSP1_2 Pin=T1-1
Added Net: Name=NetSP1_2
Added Pin To Net: NetName=NetU2_5 Pin=U2-5
Added Pin To Net: NetName=NetU2_5 Pin=U2-6
Added Net: Name=NetU2_5
Added Pin To Net: NetName=NetU3_5 Pin=U3-5
Added Pin To Net: NetName=NetU3_5 Pin=U3-6
Added Net: Name=NetU3_5
Added Pin To Net: NetName=NetU4_5 Pin=U4-5
Added Pin To Net: NetName=NetU4_5 Pin=U4-6
Added Net: Name=NetU4_5
Added Pin To Net: NetName=NetU5_5 Pin=U5-5
Added Pin To Net: NetName=NetU5_5 Pin=U5-6
Added Net: Name=NetU5_5
Added Pin To Net: NetName=SCK Pin=U6-30
Added Pin To Net: NetName=SCK Pin=U7-5
Added Net: Name=SCK
Added Pin To Net: NetName=STEP1 Pin=U2-7
Added Pin To Net: NetName=STEP1 Pin=U6-7
Added Net: Name=STEP1
Added Pin To Net: NetName=STEP2 Pin=U3-7
Added Pin To Net: NetName=STEP2 Pin=U6-9
Added Net: Name=STEP2
Added Pin To Net: NetName=STEP3 Pin=U4-7
Added Pin To Net: NetName=STEP3 Pin=U6-11
Added Net: Name=STEP3
Added Pin To Net: NetName=STEP4 Pin=U5-7
Added Pin To Net: NetName=STEP4 Pin=U6-15
Added Net: Name=STEP4
Added Pin To Net: NetName=VBAT Pin=J1-1
Added Pin To Net: NetName=VBAT Pin=J2-2
Added Pin To Net: NetName=VBAT Pin=SW1-2
Added Net: Name=VBAT
Added Pin To Net: NetName=VIN Pin=C1-1
Added Pin To Net: NetName=VIN Pin=C2-1
Added Pin To Net: NetName=VIN Pin=C3-1
Added Pin To Net: NetName=VIN Pin=C4-1
Added Pin To Net: NetName=VIN Pin=R1-2
Added Pin To Net: NetName=VIN Pin=SW1-3
Added Pin To Net: NetName=VIN Pin=U1-1
Added Pin To Net: NetName=VIN Pin=U2-16
Added Pin To Net: NetName=VIN Pin=U3-16
Added Pin To Net: NetName=VIN Pin=U4-16
Added Pin To Net: NetName=VIN Pin=U5-16
Added Net: Name=VIN
Added Pin To Net: NetName=VOUT Pin=S1-1
Added Pin To Net: NetName=VOUT Pin=U1-4
Added Net: Name=VOUT
Added Member To Class: ClassName=robot-arm Member=Component C1 100uF
Added Member To Class: ClassName=robot-arm Member=Component C2 100uF
Added Member To Class: ClassName=robot-arm Member=Component C3 100uF
Added Member To Class: ClassName=robot-arm Member=Component C4 100uF
Added Member To Class: ClassName=robot-arm2 Member=Component D1 LED_THD_RED
Added Member To Class: ClassName=robot-arm Member=Component J1 DC_POWER_JACK
Added Member To Class: ClassName=robot-arm Member=Component J2 CONN_TB2
Added Member To Class: ClassName=robot-arm Member=Component J3 CONN_TB2
Added Member To Class: ClassName=robot-arm Member=Component J4 HDR1X4
Added Member To Class: ClassName=robot-arm Member=Component J5 HDRM_2X3
Added Member To Class: ClassName=robot-arm Member=Component J6 HDR1X4
Added Member To Class: ClassName=robot-arm Member=Component J7 HDRM_2X3
Added Member To Class: ClassName=robot-arm Member=Component J8 HDR1X4
Added Member To Class: ClassName=robot-arm Member=Component J9 HDRM_2X3
Added Member To Class: ClassName=robot-arm Member=Component J10 HDR1X4
Added Member To Class: ClassName=robot-arm Member=Component J11 HDRM_2X3
Added Member To Class: ClassName=robot-arm Member=Component R1 330
Added Member To Class: ClassName=robot-arm Member=Component R2 120
Added Member To Class: ClassName=robot-arm2 Member=Component R3 1k
Added Member To Class: ClassName=robot-arm Member=Component S1 DIP Switch x1
Added Member To Class: ClassName=robot-arm2 Member=Component SP1 BUZZER
Added Member To Class: ClassName=robot-arm Member=Component SW1 Switch DPDT
Added Member To Class: ClassName=robot-arm2 Member=Component T1 NPN
Added Member To Class: ClassName=robot-arm Member=Component U1 LM2596
Added Member To Class: ClassName=robot-arm Member=Component U2 A4988
Added Member To Class: ClassName=robot-arm Member=Component U3 A4988
Added Member To Class: ClassName=robot-arm Member=Component U4 A4988
Added Member To Class: ClassName=robot-arm Member=Component U5 A4988
Added Member To Class: ClassName=robot-arm2 Member=Component U6 =VALUE
Added Member To Class: ClassName=robot-arm2 Member=Component U7 NRF24L01_MS
